"4/13/2011 9:40:26 PM","aoRSSFeed.Execute, hint=version 1.0.89, entering execute
RSS Feed Cnt=3
going through all content fields records with name=RSSFields and type=manytomany
ccfields record 2201
ccfields record 2774
ccfields record 2774
ccfields record 2774
ccfields record 2988
ccfields record 3163
Entry [default blog, first entry, title], EntryDateAdded [4/13/2011 7:28:35 AM], DaysAgo [0.590335648143082], orderby [000000051004]
FeedContentCnt=0
Building Feed 0
looking up all entries
Adding item [default blog, first entry, title]
saving feed as [RSS/Default.xml], len(s)=390
Building Feed 1
Feed has no entries
saving feed as [RSS/Default.xml], len(s)=192
Building Feed 2
Feed has no entries
saving feed as [RSS/Default.xml], len(s)=193"
"4/13/2011 10:38:47 PM","aoRSSFeed.Execute, hint=version 1.0.91, entering execute
RSS Feed Cnt=3
going through all content fields records with name=RSSFields and type=manytomany
ccfields record 2201
ccfields record 2774
ccfields record 2988
ccfields record 3163
Entry [default blog, first entry, title], EntryDateAdded [4/13/2011 7:28:35 AM], DaysAgo [0.630925925921474], orderby [000000054511]
FeedContentCnt=0
Building Feed 0
looking up all entries
Adding item [default blog, first entry, title]
saving feed as [RSS/Default.xml], len(s)=1288
Building Feed 1
Feed has no entries
saving feed as [RSS/Default.xml], len(s)=192
Building Feed 2
Feed has no entries
saving feed as [RSS/Default.xml], len(s)=193"
"4/13/2011 10:38:51 PM","aoRSSFeed.Execute, hint=version 1.0.91, entering execute
RSS Feed Cnt=3
going through all content fields records with name=RSSFields and type=manytomany
ccfields record 2201
ccfields record 2774
ccfields record 2988
ccfields record 3163
Entry [default blog, first entry, title], EntryDateAdded [4/13/2011 7:28:35 AM], DaysAgo [0.632106481476512], orderby [000000054613]
FeedContentCnt=0
Building Feed 0
looking up all entries
Adding item [default blog, first entry, title]
saving feed as [RSS/Default.xml], len(s)=1288
Building Feed 1
Feed has no entries
saving feed as [RSS/Default.xml], len(s)=192
Building Feed 2
Feed has no entries
saving feed as [RSS/Default.xml], len(s)=193"
"4/13/2011 10:41:18 PM","aoRSSFeed.Execute, hint=version 1.0.91, entering execute
RSS Feed Cnt=3
going through all content fields records with name=RSSFields and type=manytomany
ccfields record 2201
ccfields record 2774
ccfields record 2988
ccfields record 3163
Entry [default blog, first entry, title], EntryDateAdded [4/13/2011 7:28:35 AM], DaysAgo [0.633819444439723], orderby [000000054761]
FeedContentCnt=0
Building Feed 0
looking up all entries
Adding item [default blog, first entry, title]
saving feed as [RSS/Default.xml], len(s)=1288
Building Feed 1
Feed has no entries
saving feed as [RSS/Default.xml], len(s)=192
Building Feed 2
Feed has no entries
saving feed as [RSS/Default.xml], len(s)=193"
"4/13/2011 10:43:24 PM","aoRSSFeed.Execute, hint=version 1.0.91, entering execute
RSS Feed Cnt=3
going through all content fields records with name=RSSFields and type=manytomany
ccfields record 2201
ccfields record 2774
ccfields record 2988
ccfields record 3163
Entry [default blog, first entry, title], EntryDateAdded [4/13/2011 7:28:35 AM], DaysAgo [0.63428240740177], orderby [000000054801]
FeedContentCnt=0
Building Feed 0
looking up all entries
Adding item [default blog, first entry, title]
saving feed as [RSS/Default.xml], len(s)=1288
Building Feed 1
Feed has no entries
saving feed as [RSS/Default.xml], len(s)=192
Building Feed 2
Feed has no entries
saving feed as [RSS/Default.xml], len(s)=193"
"4/13/2011 10:55:25 PM","aoRSSFeed.Execute, hint=version 1.0.91, entering execute
RSS Feed Cnt=3
going through all content fields records with name=RSSFields and type=manytomany
ccfields record 2201
ccfields record 2774
ccfields record 2988
ccfields record 3163
Entry [default blog, first entry, title], EntryDateAdded [4/13/2011 7:28:35 AM], DaysAgo [0.640937500000291], orderby [000000055377]
FeedContentCnt=0
Building Feed 0
looking up all entries
Adding item [default blog, first entry, title]
saving feed as [RSS/Default.xml], len(s)=1288
Building Feed 1
Feed has no entries
saving feed as [RSS/Default1.xml], len(s)=192
Building Feed 2
Feed has no entries
saving feed as [RSS/Default2.xml], len(s)=193"
